<?xml version="1.0" encoding="UTF-8"?>
<!-- Generated by org.testng.reporters.JUnitReportReporter -->
<testsuite hostname="DESKTOP-C2JSM5E" failures="0" tests="1" name="com.test.layer.HomePageTest" time="27.071" errors="0" timestamp="14 Oct 2022 08:05:58 GMT">
  <testcase classname="com.test.layer.HomePageTest" name="clickMonitors" time="27.071"/>
</testsuite> <!-- com.test.layer.HomePageTest -->
