<?xml version="1.0" encoding="UTF-8"?>
<!-- Generated by org.testng.reporters.JUnitReportReporter -->
<testsuite hostname="DESKTOP-C2JSM5E" failures="0" tests="2" name="com.dynamic.webtable.Maximum_valueFromTable" time="172.755" errors="0" timestamp="13 Nov 2022 06:23:06 GMT">
  <testcase classname="com.dynamic.webtable.Maximum_valueFromTable" name="m1" time="44.520"/>
  <testcase classname="com.dynamic.webtable.Maximum_valueFromTable" name="maxmumprice" time="128.235"/>
</testsuite> <!-- com.dynamic.webtable.Maximum_valueFromTable -->
