<?xml version="1.0" encoding="UTF-8"?>
<!-- Generated by org.testng.reporters.JUnitReportReporter -->
<testsuite hostname="DESKTOP-C2JSM5E" failures="0" tests="1" name="com.ProductDetaills.page.CheckBox" time="22.174" errors="0" timestamp="15 Nov 2022 10:24:40 GMT">
  <testcase classname="com.ProductDetaills.page.CheckBox" name="searchResulyt" time="22.174"/>
</testsuite> <!-- com.ProductDetaills.page.CheckBox -->
