<?xml version="1.0" encoding="UTF-8"?>
<!-- Generated by org.testng.reporters.JUnitReportReporter -->
<testsuite hostname="DESKTOP-C2JSM5E" failures="0" tests="1" name="com.testLayer.TutorialsPage_Test" time="11.448" errors="0" timestamp="13 Oct 2022 17:42:20 GMT">
  <testcase classname="com.testLayer.TutorialsPage_Test" name="Compenets" time="11.448"/>
</testsuite> <!-- com.testLayer.TutorialsPage_Test -->
