<?xml version="1.0" encoding="UTF-8"?>
<!-- Generated by org.testng.reporters.JUnitReportReporter -->
<testsuite hostname="DESKTOP-C2JSM5E" failures="0" tests="1" name="com.readExcel.ReadExcel" time="0.177" errors="0" timestamp="13 Oct 2022 15:11:36 GMT">
  <testcase classname="com.readExcel.ReadExcel" name="m1" time="0.177"/>
</testsuite> <!-- com.readExcel.ReadExcel -->
