<?xml version="1.0" encoding="UTF-8"?>
<!-- Generated by org.testng.reporters.JUnitReportReporter -->
<testsuite hostname="DESKTOP-C2JSM5E" failures="0" tests="1" name="Child" time="0.017" errors="0" timestamp="4 Nov 2022 12:39:52 GMT">
  <testcase classname="Child" name="m1" time="0.017"/>
</testsuite> <!-- Child -->
