<?xml version="1.0" encoding="UTF-8"?>
<!-- Generated by org.testng.reporters.JUnitReportReporter -->
<testsuite hostname="DESKTOP-C2JSM5E" failures="0" tests="1" name="com.testLayer.HomePageTest" time="22.029" errors="0" timestamp="13 Oct 2022 18:56:08 GMT">
  <testcase classname="com.testLayer.HomePageTest" name="ProductDetailsPage" time="22.029"/>
</testsuite> <!-- com.testLayer.HomePageTest -->
